Unity Editor version:    2020.3.27f1 (e759542391ea)
Branch:                  2020.3/release
Build type:              Release
Batch mode:              YES
macOS version:           Version 11.6 (Build 20G165)
Darwin version:          20.6.0
Architecture:            x86_64
Running under Rosetta:   NO
Available memory:        16384 MB
Using pre-set license
Pro License: NO

COMMAND LINE ARGUMENTS:
/Users/game1-24/Desktop/2020.3.27f1/Unity.app/Contents/MacOS/Unity
-adb2
-batchMode
-noUpm
-name
AssetImportWorker0
-projectPath
/Users/game1-24/Desktop/2D Game Kit
-logFile
Logs/AssetImportWorker0.log
-srvPort
59594
Successfully changed project path to: /Users/game1-24/Desktop/2D Game Kit
/Users/game1-24/Desktop/2D Game Kit
Using Asset Import Pipeline V2.
Refreshing native plugins compatible for Editor in 52.38 ms, found 3 plugins.
Preloading 0 native plugins for Editor in 0.00 ms.
Initialize engine version: 2020.3.27f1 (e759542391ea)
[Subsystems] Discovering subsystems at path /Users/game1-24/Desktop/2020.3.27f1/Unity.app/Contents/Resources/UnitySubsystems
[Subsystems] Discovering subsystems at path /Users/game1-24/Desktop/2D Game Kit/Assets
GfxDevice: creating device client; threaded=0
Renderer: AMD Radeon Pro 5500 XT OpenGL Engine
Vendor:   ATI Technologies Inc.
Version:  4.1 ATI-4.6.20
GLES:     0
 GL_ARB_blend_func_extended GL_ARB_draw_buffers_blend GL_ARB_draw_indirect GL_ARB_ES2_compatibility GL_ARB_explicit_attrib_location GL_ARB_gpu_shader_fp64 GL_ARB_gpu_shader5 GL_ARB_instanced_arrays GL_ARB_internalformat_query GL_ARB_occlusion_query2 GL_ARB_sample_shading GL_ARB_sampler_objects GL_ARB_separate_shader_objects GL_ARB_shader_bit_encoding GL_ARB_shader_subroutine GL_ARB_shading_language_include GL_ARB_tessellation_shader GL_ARB_texture_buffer_object_rgb32 GL_ARB_texture_cube_map_array GL_ARB_texture_gather GL_ARB_texture_query_lod GL_ARB_texture_rgb10_a2ui GL_ARB_texture_storage GL_ARB_texture_swizzle GL_ARB_timer_query GL_ARB_transform_feedback2 GL_ARB_transform_feedback3 GL_ARB_vertex_attrib_64bit GL_ARB_vertex_type_2_10_10_10_rev GL_ARB_viewport_array GL_EXT_debug_label GL_EXT_debug_marker GL_EXT_depth_bounds_test GL_EXT_texture_compression_s3tc GL_EXT_texture_filter_anisotropic GL_EXT_texture_mirror_clamp GL_EXT_texture_sRGB_decode GL_APPLE_client_storage GL_APPLE_container_object_shareable G
L_APPLE_flush_render GL_APPLE_object_purgeable GL_APPLE_rgb_422 GL_APPLE_row_bytes GL_APPLE_texture_range GL_ATI_texture_mirror_once GL_NV_texture_barrier
OPENGL LOG: Creating OpenGL 4.1 graphics device ; Context level  <OpenGL 4.1> ; Context handle -1224233472
Initialize mono
Mono path[0] = '/Users/game1-24/Desktop/2020.3.27f1/Unity.app/Contents/Managed'
Mono path[1] = '/Users/game1-24/Desktop/2020.3.27f1/Unity.app/Contents/MonoBleedingEdge/lib/mono/unityjit'
Mono config path = '/Users/game1-24/Desktop/2020.3.27f1/Unity.app/Contents/MonoBleedingEdge/etc'
Using monoOptions --debugger-agent=transport=dt_socket,embedding=1,server=y,suspend=n,address=127.0.0.1:56871
Begin MonoManager ReloadAssembly
Registering precompiled unity dll's ...
Register platform support module: /Users/game1-24/Desktop/2020.3.27f1/Unity.app/Contents/PlaybackEngines/MacStandaloneSupport/UnityEditor.OSXStandalone.Extensions.dll
Registered in 0.000446 seconds.
Native extension for OSXStandalone target not found
Refreshing native plugins compatible for Editor in 51.08 ms, found 3 plugins.
Preloading 0 native plugins for Editor in 0.00 ms.
Mono: successfully reloaded assembly
- Completed reload, in  0.525 seconds
Domain Reload Profiling:
	ReloadAssembly (525ms)
		BeginReloadAssembly (36ms)
			ExecutionOrderSort (0ms)
			DisableScriptedObjects (0ms)
			BackupInstance (0ms)
			ReleaseScriptingObjects (0ms)
			CreateAndSetChildDomain (1ms)
		EndReloadAssembly (425ms)
			LoadAssemblies (36ms)
			RebuildTransferFunctionScriptingTraits (0ms)
			SetupTypeCache (154ms)
			ReleaseScriptCaches (0ms)
			RebuildScriptCaches (30ms)
			SetupLoadedEditorAssemblies (171ms)
				LogAssemblyErrors (0ms)
				InitializePlatformSupportModulesInManaged (3ms)
				SetLoadedEditorAssemblies (0ms)
				RefreshPlugins (51ms)
				BeforeProcessingInitializeOnLoad (6ms)
				ProcessInitializeOnLoadAttributes (85ms)
				ProcessInitializeOnLoadMethodAttributes (25ms)
				AfterProcessingInitializeOnLoad (0ms)
				EditorAssembliesLoaded (0ms)
			ExecutionOrderSort2 (0ms)
			AwakeInstancesAfterBackupRestoration (0ms)
Platform modules already initialized, skipping
Registering precompiled user dll's ...
Registered in 0.002135 seconds.
Begin MonoManager ReloadAssembly
Native extension for OSXStandalone target not found
Refreshing native plugins compatible for Editor in 50.81 ms, found 3 plugins.
Preloading 0 native plugins for Editor in 0.00 ms.
Mono: successfully reloaded assembly
- Completed reload, in  1.054 seconds
Domain Reload Profiling:
	ReloadAssembly (1055ms)
		BeginReloadAssembly (133ms)
			ExecutionOrderSort (0ms)
			DisableScriptedObjects (4ms)
			BackupInstance (0ms)
			ReleaseScriptingObjects (0ms)
			CreateAndSetChildDomain (28ms)
		EndReloadAssembly (867ms)
			LoadAssemblies (65ms)
			RebuildTransferFunctionScriptingTraits (0ms)
			SetupTypeCache (318ms)
			ReleaseScriptCaches (0ms)
			RebuildScriptCaches (59ms)
			SetupLoadedEditorAssemblies (314ms)
				LogAssemblyErrors (0ms)
				InitializePlatformSupportModulesInManaged (3ms)
				SetLoadedEditorAssemblies (0ms)
				RefreshPlugins (51ms)
				BeforeProcessingInitializeOnLoad (52ms)
				ProcessInitializeOnLoadAttributes (194ms)
				ProcessInitializeOnLoadMethodAttributes (13ms)
				AfterProcessingInitializeOnLoad (1ms)
				EditorAssembliesLoaded (0ms)
			ExecutionOrderSort2 (0ms)
			AwakeInstancesAfterBackupRestoration (5ms)
Platform modules already initialized, skipping
Validating Project structure ... 0.018351 seconds.
Shader import version has changed; will reimport all shaders...
Upgrading shader files ...0.038407 seconds.
Application.AssetDatabase Initial Script Refresh Start
RefreshInfo: InitialScriptRefreshV2(NoUpdateAssetOptions) scanfilter:  ... 1 filters
RefreshProfiler: Total: 0.000ms
Application.AssetDatabase Initial Script Refresh End
Application.AssetDatabase.Refresh Start
Application.AssetDatabase.Refresh End
RefreshInfo: StopAssetImportingV2(ForceSynchronousImport) scanfilter: 
RefreshProfiler: Total: 0.000ms
Launching external process: /Users/game1-24/Desktop/2020.3.27f1/Unity.app/Contents/Tools/UnityShaderCompiler
Launched and connected shader compiler UnityShaderCompiler after 0.01 seconds
Initializing Unity extensions:
========================================================================
Worker process is ready to serve import requests
Refreshing native plugins compatible for Editor in 0.61 ms, found 3 plugins.
Preloading 0 native plugins for Editor in 0.00 ms.
Unloading 2682 Unused Serialized files (Serialized files now loaded: 0)
System memory in use before: 247.8 MB.
System memory in use after: 247.1 MB.

Unloading 246 unused Assets to reduce memory usage. Loaded Objects now: 3144.
Total: 2.979918 ms (FindLiveObjects: 0.206384 ms CreateObjectMapping: 0.114269 ms MarkObjects: 2.204067 ms  DeleteObjects: 0.454528 ms)

AssetImportParameters requested are different than current active one (requested -> active):
  custom:video-decoder-ogg-theora: a1e56fd34408186e4bbccfd4996cb3dc -> 
  custom:container-muxer-webm: aa71ff27fc2769a1b78a27578f13a17b -> 
  custom:container-demuxer-webm: 4f35f7cbe854078d1ac9338744f61a02 -> 
  custom:container-demuxer-ogg: 62fdf1f143b41e24485cea50d1cbac27 -> 
  custom:video-encoder-webm-vp8: eb34c28f22e8b96e1ab97ce403110664 -> 
  custom:framework-osx-AVFoundation: e770b220cccbd017edd2c1fefb359320 -> 
  custom:video-decoder-webm-vp8: 9c59270c3fd7afecdb556c50c9e8de78 -> 
  custom:audio-decoder-ogg-vorbis: bf7c407c2cedff20999df2af8eb42d56 -> 
  custom:audio-encoder-webm-vorbis: bf7c407c2cedff20999df2af8eb42d56 -> 
========================================================================
Received Import Request.
  path: Assets/2DGamekit/Art/Sprites/AnimatedSprites/Enemies/Chomper/Death/ChomperDEATH_Paint_09.png
  artifactKey: Guid(b6e64dd7555a5fc44b98d71cb5c0d43c) Importer(815301076,1909f56bfc062723c751e8b465ee728b)
Start importing Assets/2DGamekit/Art/Sprites/AnimatedSprites/Enemies/Chomper/Death/ChomperDEATH_Paint_09.png using Guid(b6e64dd7555a5fc44b98d71cb5c0d43c) Importer(815301076,1909f56bfc062723c751e8b465ee728b)  -> (artifact id: '270548d9635955a757329eca2b47d59d') in 0.798372 seconds 
  Import took 0.804718 seconds .

========================================================================
Received Import Request.
  Time since last request: 0.000273 seconds.
  path: Assets/2DGamekit/Utilities/PostProcessing/GlobalPostProcessingProfile.asset
  artifactKey: Guid(4062b17d005065746bb3df4e141080ee) Importer(815301076,1909f56bfc062723c751e8b465ee728b)
Start importing Assets/2DGamekit/Utilities/PostProcessing/GlobalPostProcessingProfile.asset using Guid(4062b17d005065746bb3df4e141080ee) Importer(815301076,1909f56bfc062723c751e8b465ee728b)  -> (artifact id: '20daddc611dec44f09a285c0a0367902') in 0.765572 seconds 
  Import took 0.770891 seconds .

========================================================================
Received Import Request.
  Time since last request: 0.000219 seconds.
  path: Assets/2DGamekit/Art/Sprites/AnimatedSprites/Enemies/Chomper/Death/ChomperDEATH_Paint_03.png
  artifactKey: Guid(5ff5b330714abac42a0db7b827b418a6) Importer(815301076,1909f56bfc062723c751e8b465ee728b)
Start importing Assets/2DGamekit/Art/Sprites/AnimatedSprites/Enemies/Chomper/Death/ChomperDEATH_Paint_03.png using Guid(5ff5b330714abac42a0db7b827b418a6) Importer(815301076,1909f56bfc062723c751e8b465ee728b)  -> (artifact id: '49eed0d8851216799ed57b6ad58c4986') in 0.011063 seconds 
  Import took 0.014397 seconds .

========================================================================
Received Import Request.
  Time since last request: 0.000143 seconds.
  path: Assets/2DGamekit/Art/Sprites/AnimatedSprites/Enemies/Chomper/Death/ChomperDEATH_Paint_07.png
  artifactKey: Guid(8398530cb9366974ca3cb94c16af54f7) Importer(815301076,1909f56bfc062723c751e8b465ee728b)
Start importing Assets/2DGamekit/Art/Sprites/AnimatedSprites/Enemies/Chomper/Death/ChomperDEATH_Paint_07.png using Guid(8398530cb9366974ca3cb94c16af54f7) Importer(815301076,1909f56bfc062723c751e8b465ee728b)  -> (artifact id: '690052dd89f29a25a94a9314d7baeb9c') in 0.009811 seconds 
  Import took 0.012875 seconds .

========================================================================
Received Import Request.
  Time since last request: 0.000157 seconds.
  path: Assets/2DGamekit/Art/Sprites/AnimatedSprites/Enemies/Gunner/Cutscene/Character/Gunner_INTRO_BOSSONLY_00000.png
  artifactKey: Guid(869aa777301c2234682258580e481bfa) Importer(815301076,1909f56bfc062723c751e8b465ee728b)
Start importing Assets/2DGamekit/Art/Sprites/AnimatedSprites/Enemies/Gunner/Cutscene/Character/Gunner_INTRO_BOSSONLY_00000.png using Guid(869aa777301c2234682258580e481bfa) Importer(815301076,1909f56bfc062723c751e8b465ee728b)  -> (artifact id: '03c2d145fd064c4cc8aba4fbd97fa8af') in 0.015016 seconds 
  Import took 0.018464 seconds .

========================================================================
Received Import Request.
  Time since last request: 0.000169 seconds.
  path: Assets/2DGamekit/Art/Sprites/UI/Menu/StartMenu.png
  artifactKey: Guid(7f83de9ce1b2e9a4882fa64589108f14) Importer(815301076,1909f56bfc062723c751e8b465ee728b)
Start importing Assets/2DGamekit/Art/Sprites/UI/Menu/StartMenu.png using Guid(7f83de9ce1b2e9a4882fa64589108f14) Importer(815301076,1909f56bfc062723c751e8b465ee728b)  -> (artifact id: '17137eb56e4ffc6c92fd9cfeba58dc30') in 0.027997 seconds 
  Import took 0.032804 seconds .

========================================================================
Received Import Request.
  Time since last request: 0.000156 seconds.
  path: Assets/2DGamekit/Art/Sprites/AnimatedSprites/Enemies/Chomper/Death/ChomperDEATH_Paint_13.png
  artifactKey: Guid(882f64064bde2e64db7df2086bc259df) Importer(815301076,1909f56bfc062723c751e8b465ee728b)
Start importing Assets/2DGamekit/Art/Sprites/AnimatedSprites/Enemies/Chomper/Death/ChomperDEATH_Paint_13.png using Guid(882f64064bde2e64db7df2086bc259df) Importer(815301076,1909f56bfc062723c751e8b465ee728b)  -> (artifact id: 'c41dd7a2d92b206fed21427be3ddabf9') in 0.009818 seconds 
  Import took 0.013037 seconds .

========================================================================
Received Import Request.
  Time since last request: 0.000160 seconds.
  path: Assets/2DGamekit/Art/Sprites/AnimatedSprites/Enemies/Chomper/Death/ChomperDEATH_Paint_01.png
  artifactKey: Guid(94f6e6ef133c2fc4d978f8e13f22331e) Importer(815301076,1909f56bfc062723c751e8b465ee728b)
Start importing Assets/2DGamekit/Art/Sprites/AnimatedSprites/Enemies/Chomper/Death/ChomperDEATH_Paint_01.png using Guid(94f6e6ef133c2fc4d978f8e13f22331e) Importer(815301076,1909f56bfc062723c751e8b465ee728b)  -> (artifact id: 'e831be6ddcb43c7a809f7cde91fd68e3') in 0.012061 seconds 
  Import took 0.015480 seconds .

========================================================================
Received Import Request.
  Time since last request: 0.000170 seconds.
  path: Assets/2DGamekit/Art/Sprites/UI/HUD/EllenHealth.png
  artifactKey: Guid(fc49794cc535bef4f969645c4eb97b80) Importer(815301076,1909f56bfc062723c751e8b465ee728b)
Start importing Assets/2DGamekit/Art/Sprites/UI/HUD/EllenHealth.png using Guid(fc49794cc535bef4f969645c4eb97b80) Importer(815301076,1909f56bfc062723c751e8b465ee728b)  -> (artifact id: '253574900dbccc83a7e556c1f9749c3e') in 0.027615 seconds 
  Import took 0.030855 seconds .

========================================================================
Received Import Request.
  Time since last request: 0.000176 seconds.
  path: Assets/2DGamekit/Audio/Interactables/DoorOpening.ogg
  artifactKey: Guid(3be171efc7758c14fbbd5d2a11f944cb) Importer(815301076,1909f56bfc062723c751e8b465ee728b)
Start importing Assets/2DGamekit/Audio/Interactables/DoorOpening.ogg using Guid(3be171efc7758c14fbbd5d2a11f944cb) Importer(815301076,1909f56bfc062723c751e8b465ee728b)  -> (artifact id: '98bbc615da6d02a649966247ebae49d9') in 0.269934 seconds 
  Import took 0.275784 seconds .

========================================================================
Received Import Request.
  Time since last request: 0.000198 seconds.
  path: Assets/2DGamekit/Art/Sprites/AnimatedSprites/Enemies/Chomper/Death/ChomperDEATH_Paint_11.png
  artifactKey: Guid(1c64f7cfb7bf99d48abddaeb45da9704) Importer(815301076,1909f56bfc062723c751e8b465ee728b)
Start importing Assets/2DGamekit/Art/Sprites/AnimatedSprites/Enemies/Chomper/Death/ChomperDEATH_Paint_11.png using Guid(1c64f7cfb7bf99d48abddaeb45da9704) Importer(815301076,1909f56bfc062723c751e8b465ee728b)  -> (artifact id: 'ef647118a19f33e2dc5631c7a8fa0ec2') in 0.010795 seconds 
  Import took 0.014446 seconds .

========================================================================
Received Import Request.
  Time since last request: 0.000261 seconds.
  path: Assets/2DGamekit/Art/Sprites/AnimatedSprites/Enemies/Chomper/Death/ChomperDEATH_Paint_05.png
  artifactKey: Guid(62e4d070156482a4995f75774447f83d) Importer(815301076,1909f56bfc062723c751e8b465ee728b)
Start importing Assets/2DGamekit/Art/Sprites/AnimatedSprites/Enemies/Chomper/Death/ChomperDEATH_Paint_05.png using Guid(62e4d070156482a4995f75774447f83d) Importer(815301076,1909f56bfc062723c751e8b465ee728b)  -> (artifact id: '8d9b4d50720b2c77b63820e9b7aba6d8') in 0.009450 seconds 
  Import took 0.013734 seconds .

========================================================================
Received Prepare
Registering precompiled user dll's ...
Registered in 0.004248 seconds.
Begin MonoManager ReloadAssembly
Native extension for OSXStandalone target not found
Refreshing native plugins compatible for Editor in 0.63 ms, found 3 plugins.
Preloading 0 native plugins for Editor in 0.00 ms.
Mono: successfully reloaded assembly
- Completed reload, in  1.054 seconds
Domain Reload Profiling:
	ReloadAssembly (1054ms)
		BeginReloadAssembly (131ms)
			ExecutionOrderSort (0ms)
			DisableScriptedObjects (5ms)
			BackupInstance (0ms)
			ReleaseScriptingObjects (0ms)
			CreateAndSetChildDomain (70ms)
		EndReloadAssembly (867ms)
			LoadAssemblies (66ms)
			RebuildTransferFunctionScriptingTraits (0ms)
			SetupTypeCache (317ms)
			ReleaseScriptCaches (1ms)
			RebuildScriptCaches (48ms)
			SetupLoadedEditorAssemblies (307ms)
				LogAssemblyErrors (0ms)
				InitializePlatformSupportModulesInManaged (4ms)
				SetLoadedEditorAssemblies (0ms)
				RefreshPlugins (1ms)
				BeforeProcessingInitializeOnLoad (100ms)
				ProcessInitializeOnLoadAttributes (191ms)
				ProcessInitializeOnLoadMethodAttributes (9ms)
				AfterProcessingInitializeOnLoad (1ms)
				EditorAssembliesLoaded (0ms)
			ExecutionOrderSort2 (0ms)
			AwakeInstancesAfterBackupRestoration (8ms)
Platform modules already initialized, skipping
Refreshing native plugins compatible for Editor in 0.60 ms, found 3 plugins.
Preloading 0 native plugins for Editor in 0.00 ms.
Unloading 2615 Unused Serialized files (Serialized files now loaded: 0)
System memory in use before: 258.0 MB.
System memory in use after: 258.1 MB.

Unloading 25 unused Assets to reduce memory usage. Loaded Objects now: 3177.
Total: 2.694433 ms (FindLiveObjects: 0.192124 ms CreateObjectMapping: 0.131486 ms MarkObjects: 2.287314 ms  DeleteObjects: 0.082954 ms)

AssetImportParameters requested are different than current active one (requested -> active):
  custom:video-decoder-ogg-theora: a1e56fd34408186e4bbccfd4996cb3dc -> 
  custom:container-muxer-webm: aa71ff27fc2769a1b78a27578f13a17b -> 
  custom:container-demuxer-webm: 4f35f7cbe854078d1ac9338744f61a02 -> 
  custom:container-demuxer-ogg: 62fdf1f143b41e24485cea50d1cbac27 -> 
  custom:video-encoder-webm-vp8: eb34c28f22e8b96e1ab97ce403110664 -> 
  custom:framework-osx-AVFoundation: e770b220cccbd017edd2c1fefb359320 -> 
  custom:video-decoder-webm-vp8: 9c59270c3fd7afecdb556c50c9e8de78 -> 
  custom:audio-decoder-ogg-vorbis: bf7c407c2cedff20999df2af8eb42d56 -> 
  custom:audio-encoder-webm-vorbis: bf7c407c2cedff20999df2af8eb42d56 -> 
========================================================================
Received Prepare
Registering precompiled user dll's ...
Registered in 0.003476 seconds.
Begin MonoManager ReloadAssembly
Native extension for OSXStandalone target not found
Refreshing native plugins compatible for Editor in 0.66 ms, found 3 plugins.
Preloading 0 native plugins for Editor in 0.00 ms.
Mono: successfully reloaded assembly
- Completed reload, in  1.062 seconds
Domain Reload Profiling:
	ReloadAssembly (1062ms)
		BeginReloadAssembly (120ms)
			ExecutionOrderSort (0ms)
			DisableScriptedObjects (5ms)
			BackupInstance (0ms)
			ReleaseScriptingObjects (0ms)
			CreateAndSetChildDomain (58ms)
		EndReloadAssembly (886ms)
			LoadAssemblies (66ms)
			RebuildTransferFunctionScriptingTraits (0ms)
			SetupTypeCache (328ms)
			ReleaseScriptCaches (1ms)
			RebuildScriptCaches (48ms)
			SetupLoadedEditorAssemblies (308ms)
				LogAssemblyErrors (0ms)
				InitializePlatformSupportModulesInManaged (4ms)
				SetLoadedEditorAssemblies (0ms)
				RefreshPlugins (1ms)
				BeforeProcessingInitializeOnLoad (90ms)
				ProcessInitializeOnLoadAttributes (202ms)
				ProcessInitializeOnLoadMethodAttributes (10ms)
				AfterProcessingInitializeOnLoad (1ms)
				EditorAssembliesLoaded (0ms)
			ExecutionOrderSort2 (0ms)
			AwakeInstancesAfterBackupRestoration (14ms)
Platform modules already initialized, skipping
Refreshing native plugins compatible for Editor in 0.61 ms, found 3 plugins.
Preloading 0 native plugins for Editor in 0.00 ms.
Unloading 2615 Unused Serialized files (Serialized files now loaded: 0)
System memory in use before: 259.0 MB.
System memory in use after: 259.1 MB.

Unloading 24 unused Assets to reduce memory usage. Loaded Objects now: 3190.
Total: 2.702895 ms (FindLiveObjects: 0.179169 ms CreateObjectMapping: 0.100454 ms MarkObjects: 2.296912 ms  DeleteObjects: 0.125819 ms)

AssetImportParameters requested are different than current active one (requested -> active):
  custom:video-decoder-ogg-theora: a1e56fd34408186e4bbccfd4996cb3dc -> 
  custom:container-muxer-webm: aa71ff27fc2769a1b78a27578f13a17b -> 
  custom:container-demuxer-webm: 4f35f7cbe854078d1ac9338744f61a02 -> 
  custom:container-demuxer-ogg: 62fdf1f143b41e24485cea50d1cbac27 -> 
  custom:video-encoder-webm-vp8: eb34c28f22e8b96e1ab97ce403110664 -> 
  custom:framework-osx-AVFoundation: e770b220cccbd017edd2c1fefb359320 -> 
  custom:video-decoder-webm-vp8: 9c59270c3fd7afecdb556c50c9e8de78 -> 
  custom:audio-decoder-ogg-vorbis: bf7c407c2cedff20999df2af8eb42d56 -> 
  custom:audio-encoder-webm-vorbis: bf7c407c2cedff20999df2af8eb42d56 -> 
========================================================================
Received Prepare
Registering precompiled user dll's ...
Registered in 0.004675 seconds.
Begin MonoManager ReloadAssembly
Native extension for OSXStandalone target not found
Refreshing native plugins compatible for Editor in 0.64 ms, found 3 plugins.
Preloading 0 native plugins for Editor in 0.00 ms.
Mono: successfully reloaded assembly
- Completed reload, in  1.010 seconds
Domain Reload Profiling:
	ReloadAssembly (1010ms)
		BeginReloadAssembly (106ms)
			ExecutionOrderSort (0ms)
			DisableScriptedObjects (5ms)
			BackupInstance (0ms)
			ReleaseScriptingObjects (0ms)
			CreateAndSetChildDomain (56ms)
		EndReloadAssembly (850ms)
			LoadAssemblies (64ms)
			RebuildTransferFunctionScriptingTraits (0ms)
			SetupTypeCache (312ms)
			ReleaseScriptCaches (1ms)
			RebuildScriptCaches (49ms)
			SetupLoadedEditorAssemblies (293ms)
				LogAssemblyErrors (0ms)
				InitializePlatformSupportModulesInManaged (4ms)
				SetLoadedEditorAssemblies (0ms)
				RefreshPlugins (1ms)
				BeforeProcessingInitializeOnLoad (89ms)
				ProcessInitializeOnLoadAttributes (188ms)
				ProcessInitializeOnLoadMethodAttributes (9ms)
				AfterProcessingInitializeOnLoad (1ms)
				EditorAssembliesLoaded (0ms)
			ExecutionOrderSort2 (0ms)
			AwakeInstancesAfterBackupRestoration (13ms)
Platform modules already initialized, skipping
Refreshing native plugins compatible for Editor in 0.61 ms, found 3 plugins.
Preloading 0 native plugins for Editor in 0.00 ms.
Unloading 2615 Unused Serialized files (Serialized files now loaded: 0)
System memory in use before: 259.6 MB.
System memory in use after: 259.7 MB.

Unloading 24 unused Assets to reduce memory usage. Loaded Objects now: 3203.
Total: 2.644379 ms (FindLiveObjects: 0.174589 ms CreateObjectMapping: 0.092190 ms MarkObjects: 2.293793 ms  DeleteObjects: 0.083265 ms)

AssetImportParameters requested are different than current active one (requested -> active):
  custom:video-decoder-ogg-theora: a1e56fd34408186e4bbccfd4996cb3dc -> 
  custom:container-muxer-webm: aa71ff27fc2769a1b78a27578f13a17b -> 
  custom:container-demuxer-webm: 4f35f7cbe854078d1ac9338744f61a02 -> 
  custom:container-demuxer-ogg: 62fdf1f143b41e24485cea50d1cbac27 -> 
  custom:video-encoder-webm-vp8: eb34c28f22e8b96e1ab97ce403110664 -> 
  custom:framework-osx-AVFoundation: e770b220cccbd017edd2c1fefb359320 -> 
  custom:video-decoder-webm-vp8: 9c59270c3fd7afecdb556c50c9e8de78 -> 
  custom:audio-decoder-ogg-vorbis: bf7c407c2cedff20999df2af8eb42d56 -> 
  custom:audio-encoder-webm-vorbis: bf7c407c2cedff20999df2af8eb42d56 -> 
========================================================================
Received Import Request.
  Time since last request: 612.190275 seconds.
  path: Assets/2DGamekit/Art/Sprites/Interactables/Bridge.png
  artifactKey: Guid(71cd3f5a96d836b4faf615050728e35e) Importer(815301076,1909f56bfc062723c751e8b465ee728b)
Start importing Assets/2DGamekit/Art/Sprites/Interactables/Bridge.png using Guid(71cd3f5a96d836b4faf615050728e35e) Importer(815301076,1909f56bfc062723c751e8b465ee728b)  -> (artifact id: '035f3fe5b80023276805d99378eb68ff') in 0.048718 seconds 
  Import took 0.053808 seconds .

========================================================================
Received Import Request.
  Time since last request: 0.000226 seconds.
  path: Assets/2DGamekit/Art/Sprites/Interactables/StomperDoorOn.png
  artifactKey: Guid(9f9afd2e3bd05874da7be383710a3658) Importer(815301076,1909f56bfc062723c751e8b465ee728b)
Start importing Assets/2DGamekit/Art/Sprites/Interactables/StomperDoorOn.png using Guid(9f9afd2e3bd05874da7be383710a3658) Importer(815301076,1909f56bfc062723c751e8b465ee728b)  -> (artifact id: 'c1aad5144abf7e67260dce4b4cdf269b') in 0.012488 seconds 
  Import took 0.016292 seconds .

========================================================================
Received Import Request.
  Time since last request: 0.000148 seconds.
  path: Assets/2DGamekit/Art/Sprites/Interactables/HubDoor1.png
  artifactKey: Guid(5cbf2c518731d594fb70e60892c1dd6f) Importer(815301076,1909f56bfc062723c751e8b465ee728b)
Start importing Assets/2DGamekit/Art/Sprites/Interactables/HubDoor1.png using Guid(5cbf2c518731d594fb70e60892c1dd6f) Importer(815301076,1909f56bfc062723c751e8b465ee728b)  -> (artifact id: 'e7428fad5449018ad8ef26c61cba08a6') in 0.010061 seconds 
  Import took 0.013757 seconds .

========================================================================
Received Import Request.
  Time since last request: 0.000162 seconds.
  path: Assets/2DGamekit/Art/Sprites/Interactables/MovingPlatformAlienNormal.png
  artifactKey: Guid(d75d395234f19264e90b32c6dec62abb) Importer(815301076,1909f56bfc062723c751e8b465ee728b)
Start importing Assets/2DGamekit/Art/Sprites/Interactables/MovingPlatformAlienNormal.png using Guid(d75d395234f19264e90b32c6dec62abb) Importer(815301076,1909f56bfc062723c751e8b465ee728b)  -> (artifact id: '9e379936c87dc301b53066cfa368045a') in 0.016129 seconds 
  Import took 0.019258 seconds .

========================================================================
Received Import Request.
  Time since last request: 0.000167 seconds.
  path: Assets/2DGamekit/Art/Sprites/Interactables/WeaponPickup.png
  artifactKey: Guid(8c2c753f45b686447b98240ee8ab9d4d) Importer(815301076,1909f56bfc062723c751e8b465ee728b)
Start importing Assets/2DGamekit/Art/Sprites/Interactables/WeaponPickup.png using Guid(8c2c753f45b686447b98240ee8ab9d4d) Importer(815301076,1909f56bfc062723c751e8b465ee728b)  -> (artifact id: 'f1d2dfdb5b3e9a545998bd4f54cf8999') in 0.012325 seconds 
  Import took 0.015452 seconds .

========================================================================
Received Import Request.
  Time since last request: 0.000149 seconds.
  path: Assets/2DGamekit/Art/Sprites/Interactables/PassThroughPlatformNormal.png
  artifactKey: Guid(e5eb98e4318c480419bea014360bd814) Importer(815301076,1909f56bfc062723c751e8b465ee728b)
Start importing Assets/2DGamekit/Art/Sprites/Interactables/PassThroughPlatformNormal.png using Guid(e5eb98e4318c480419bea014360bd814) Importer(815301076,1909f56bfc062723c751e8b465ee728b)  -> (artifact id: 'bd4003ea82ce32941761e410867d6904') in 0.006772 seconds 
  Import took 0.009747 seconds .

========================================================================
Received Import Request.
  Time since last request: 0.000164 seconds.
  path: Assets/2DGamekit/Art/Sprites/Interactables/PassThroughPlatformAlien.png
  artifactKey: Guid(f67d52e5fa8873946867aa19a7bac3b6) Importer(815301076,1909f56bfc062723c751e8b465ee728b)
Start importing Assets/2DGamekit/Art/Sprites/Interactables/PassThroughPlatformAlien.png using Guid(f67d52e5fa8873946867aa19a7bac3b6) Importer(815301076,1909f56bfc062723c751e8b465ee728b)  -> (artifact id: 'd729ae2cb97dd4443ff58d0d685e8393') in 0.016218 seconds 
  Import took 0.019406 seconds .

========================================================================
Received Import Request.
  Time since last request: 0.000168 seconds.
  path: Assets/2DGamekit/Art/Sprites/Interactables/Switch.png
  artifactKey: Guid(95e6e0c1a1ea1804e95813fba7ecb4c6) Importer(815301076,1909f56bfc062723c751e8b465ee728b)
Start importing Assets/2DGamekit/Art/Sprites/Interactables/Switch.png using Guid(95e6e0c1a1ea1804e95813fba7ecb4c6) Importer(815301076,1909f56bfc062723c751e8b465ee728b)  -> (artifact id: '53f8675d0a4bc964517cd43a3ba4dbb0') in 0.010901 seconds 
  Import took 0.014029 seconds .

========================================================================
Received Import Request.
  Time since last request: 0.000160 seconds.
  path: Assets/2DGamekit/Art/Sprites/Interactables/PushableBoxEmissive.png
  artifactKey: Guid(1eac093274675214fb6bed351b5a6d28) Importer(815301076,1909f56bfc062723c751e8b465ee728b)
Start importing Assets/2DGamekit/Art/Sprites/Interactables/PushableBoxEmissive.png using Guid(1eac093274675214fb6bed351b5a6d28) Importer(815301076,1909f56bfc062723c751e8b465ee728b)  -> (artifact id: 'e58b558c24abc5528d73dba5297c3471') in 0.007578 seconds 
  Import took 0.010557 seconds .

========================================================================
Received Import Request.
  Time since last request: 0.000180 seconds.
  path: Assets/2DGamekit/Art/Sprites/Interactables/HubDoor2.png
  artifactKey: Guid(df68039b1e79c2f40a64d1b4d250054a) Importer(815301076,1909f56bfc062723c751e8b465ee728b)
Start importing Assets/2DGamekit/Art/Sprites/Interactables/HubDoor2.png using Guid(df68039b1e79c2f40a64d1b4d250054a) Importer(815301076,1909f56bfc062723c751e8b465ee728b)  -> (artifact id: '240da2693e025a75026f795825d22865') in 0.009957 seconds 
  Import took 0.013272 seconds .

========================================================================
Received Import Request.
  Time since last request: 0.000286 seconds.
  path: Assets/2DGamekit/Art/Sprites/Interactables/InfoSign.png
  artifactKey: Guid(d718e5e633b23ce4096bff9a77d77325) Importer(815301076,1909f56bfc062723c751e8b465ee728b)
Start importing Assets/2DGamekit/Art/Sprites/Interactables/InfoSign.png using Guid(d718e5e633b23ce4096bff9a77d77325) Importer(815301076,1909f56bfc062723c751e8b465ee728b)  -> (artifact id: '329d7bd9b9442b0c118c70d028982854') in 0.012085 seconds 
  Import took 0.015549 seconds .

========================================================================
Received Import Request.
  Time since last request: 0.000163 seconds.
  path: Assets/2DGamekit/Art/Sprites/Interactables/DestructibleWall.png
  artifactKey: Guid(51d594e192d316448a2c8ebecb28eebc) Importer(815301076,1909f56bfc062723c751e8b465ee728b)
Start importing Assets/2DGamekit/Art/Sprites/Interactables/DestructibleWall.png using Guid(51d594e192d316448a2c8ebecb28eebc) Importer(815301076,1909f56bfc062723c751e8b465ee728b)  -> (artifact id: '5a579c60dc7a397ea0dbc41c4612d947') in 0.025633 seconds 
  Import took 0.029408 seconds .

========================================================================
Received Import Request.
  Time since last request: 0.000165 seconds.
  path: Assets/2DGamekit/Art/Sprites/Interactables/HubDoor0.png
  artifactKey: Guid(21a8468d0bb5f5041bd3c4c331d21a80) Importer(815301076,1909f56bfc062723c751e8b465ee728b)
Start importing Assets/2DGamekit/Art/Sprites/Interactables/HubDoor0.png using Guid(21a8468d0bb5f5041bd3c4c331d21a80) Importer(815301076,1909f56bfc062723c751e8b465ee728b)  -> (artifact id: '03a4db3fb0fb9aee312c8b1d47eeb0d9') in 0.010596 seconds 
  Import took 0.013838 seconds .

========================================================================
Received Import Request.
  Time since last request: 0.000190 seconds.
  path: Assets/2DGamekit/Art/Sprites/Interactables/DestructibleBox.bmp
  artifactKey: Guid(5c3d28e6e36cb244b874459c91ccef79) Importer(815301076,1909f56bfc062723c751e8b465ee728b)
Start importing Assets/2DGamekit/Art/Sprites/Interactables/DestructibleBox.bmp using Guid(5c3d28e6e36cb244b874459c91ccef79) Importer(815301076,1909f56bfc062723c751e8b465ee728b)  -> (artifact id: '41a88542a93482703edb960f882cb147') in 0.674432 seconds 
  Import took 0.681081 seconds .

========================================================================
Received Import Request.
  Time since last request: 0.000203 seconds.
  path: Assets/2DGamekit/Art/Sprites/Interactables/MovingPlatformAlien.png
  artifactKey: Guid(2da3192b993471540944ac96226c9333) Importer(815301076,1909f56bfc062723c751e8b465ee728b)
Start importing Assets/2DGamekit/Art/Sprites/Interactables/MovingPlatformAlien.png using Guid(2da3192b993471540944ac96226c9333) Importer(815301076,1909f56bfc062723c751e8b465ee728b)  -> (artifact id: '08e637a9f50d916f9f1ea233922570e1') in 0.017745 seconds 
  Import took 0.021162 seconds .

========================================================================
Received Import Request.
  Time since last request: 0.000170 seconds.
  path: Assets/2DGamekit/Art/Sprites/Interactables/PushableBox.png
  artifactKey: Guid(133a93172967d354890e27ed10cf88e9) Importer(815301076,1909f56bfc062723c751e8b465ee728b)
Start importing Assets/2DGamekit/Art/Sprites/Interactables/PushableBox.png using Guid(133a93172967d354890e27ed10cf88e9) Importer(815301076,1909f56bfc062723c751e8b465ee728b)  -> (artifact id: '3b2f7013b9a6eac31ec3f70bc3edf6e5') in 0.012711 seconds 
  Import took 0.016027 seconds .

========================================================================
Received Import Request.
  Time since last request: 0.000161 seconds.
  path: Assets/2DGamekit/Art/Sprites/Interactables/InfoSignNormal.png
  artifactKey: Guid(dfaaeea5a9c0c0f4bb76aadbe5f59e5b) Importer(815301076,1909f56bfc062723c751e8b465ee728b)
Start importing Assets/2DGamekit/Art/Sprites/Interactables/InfoSignNormal.png using Guid(dfaaeea5a9c0c0f4bb76aadbe5f59e5b) Importer(815301076,1909f56bfc062723c751e8b465ee728b)  -> (artifact id: 'b641496def3f4ef629dcb979979d2114') in 0.006208 seconds 
  Import took 0.009301 seconds .

========================================================================
Received Import Request.
  Time since last request: 0.000152 seconds.
  path: Assets/2DGamekit/Art/Sprites/Interactables/DestructibleColumn.png
  artifactKey: Guid(cbf958bb9960a5d4cb587a17cedbfeac) Importer(815301076,1909f56bfc062723c751e8b465ee728b)
Start importing Assets/2DGamekit/Art/Sprites/Interactables/DestructibleColumn.png using Guid(cbf958bb9960a5d4cb587a17cedbfeac) Importer(815301076,1909f56bfc062723c751e8b465ee728b)  -> (artifact id: '60dcd663fb2942169fb34150379e701f') in 0.025318 seconds 
  Import took 0.028470 seconds .

========================================================================
Received Import Request.
  Time since last request: 0.000158 seconds.
  path: Assets/2DGamekit/Art/Sprites/Interactables/StomperDoorOff02.png
  artifactKey: Guid(510cf01f1905cf84f8a876752e862440) Importer(815301076,1909f56bfc062723c751e8b465ee728b)
Start importing Assets/2DGamekit/Art/Sprites/Interactables/StomperDoorOff02.png using Guid(510cf01f1905cf84f8a876752e862440) Importer(815301076,1909f56bfc062723c751e8b465ee728b)  -> (artifact id: 'd4c6205d3a2585285b368dd809618503') in 0.009902 seconds 
  Import took 0.012962 seconds .

========================================================================
Received Import Request.
  Time since last request: 0.000156 seconds.
  path: Assets/2DGamekit/Art/Sprites/Interactables/MovingPlatform.png
  artifactKey: Guid(04aaca4e4e330b641a3ca7d7a94a835f) Importer(815301076,1909f56bfc062723c751e8b465ee728b)
Start importing Assets/2DGamekit/Art/Sprites/Interactables/MovingPlatform.png using Guid(04aaca4e4e330b641a3ca7d7a94a835f) Importer(815301076,1909f56bfc062723c751e8b465ee728b)  -> (artifact id: '1bd6c0b5542dfa345a780eaaca6903d3') in 0.016710 seconds 
  Import took 0.019869 seconds .

========================================================================
Received Import Request.
  Time since last request: 0.000164 seconds.
  path: Assets/2DGamekit/Art/Sprites/Interactables/PressurePad.png
  artifactKey: Guid(c812bc8c71a77a949ad4ddc0cf831fc1) Importer(815301076,1909f56bfc062723c751e8b465ee728b)
Start importing Assets/2DGamekit/Art/Sprites/Interactables/PressurePad.png using Guid(c812bc8c71a77a949ad4ddc0cf831fc1) Importer(815301076,1909f56bfc062723c751e8b465ee728b)  -> (artifact id: 'aa8a49bafc7fb270e53e4a16fc56c67b') in 0.010191 seconds 
  Import took 0.013303 seconds .

========================================================================
Received Import Request.
  Time since last request: 0.000164 seconds.
  path: Assets/2DGamekit/Art/Sprites/Interactables/TeleporterEmissive.png
  artifactKey: Guid(a2a9b4511d18e0b4aa17911fdfc36205) Importer(815301076,1909f56bfc062723c751e8b465ee728b)
Start importing Assets/2DGamekit/Art/Sprites/Interactables/TeleporterEmissive.png using Guid(a2a9b4511d18e0b4aa17911fdfc36205) Importer(815301076,1909f56bfc062723c751e8b465ee728b)  -> (artifact id: 'c7f974e015dda9b1d6ccb6ac06068e7e') in 0.005607 seconds 
  Import took 0.008693 seconds .

========================================================================
Received Import Request.
  Time since last request: 0.000148 seconds.
  path: Assets/2DGamekit/Art/Sprites/Interactables/SpikesEmissive.png
  artifactKey: Guid(ee68edd490cb0934aa61d84563d1914b) Importer(815301076,1909f56bfc062723c751e8b465ee728b)
Start importing Assets/2DGamekit/Art/Sprites/Interactables/SpikesEmissive.png using Guid(ee68edd490cb0934aa61d84563d1914b) Importer(815301076,1909f56bfc062723c751e8b465ee728b)  -> (artifact id: '6200fd2cb4a9a5bdd954d540eba340c4') in 0.005515 seconds 
  Import took 0.008489 seconds .

========================================================================
Received Import Request.
  Time since last request: 0.000150 seconds.
  path: Assets/2DGamekit/Art/Sprites/Interactables/MovingPlatformNormal.png
  artifactKey: Guid(9c0ed9d5df1e12141be0370c740b80f4) Importer(815301076,1909f56bfc062723c751e8b465ee728b)
Start importing Assets/2DGamekit/Art/Sprites/Interactables/MovingPlatformNormal.png using Guid(9c0ed9d5df1e12141be0370c740b80f4) Importer(815301076,1909f56bfc062723c751e8b465ee728b)  -> (artifact id: 'd520a9242cc30625e9eff0629f6d49dc') in 0.007247 seconds 
  Import took 0.010456 seconds .

========================================================================
Received Import Request.
  Time since last request: 0.000209 seconds.
  path: Assets/2DGamekit/Art/Sprites/Interactables/PassThroughPlatform_Emissive.png
  artifactKey: Guid(4bf2351722c646f488a25713e9202e9d) Importer(815301076,1909f56bfc062723c751e8b465ee728b)
Start importing Assets/2DGamekit/Art/Sprites/Interactables/PassThroughPlatform_Emissive.png using Guid(4bf2351722c646f488a25713e9202e9d) Importer(815301076,1909f56bfc062723c751e8b465ee728b)  -> (artifact id: '51c6f55dd0296687809154c5306e1726') in 0.006872 seconds 
  Import took 0.010139 seconds .

========================================================================
Received Import Request.
  Time since last request: 0.000152 seconds.
  path: Assets/2DGamekit/Art/Sprites/Interactables/SpikesNew.png
  artifactKey: Guid(44c1b3b37217c0b4bb07a979fc3b4714) Importer(815301076,1909f56bfc062723c751e8b465ee728b)
Start importing Assets/2DGamekit/Art/Sprites/Interactables/SpikesNew.png using Guid(44c1b3b37217c0b4bb07a979fc3b4714) Importer(815301076,1909f56bfc062723c751e8b465ee728b)  -> (artifact id: '4394680389d4dbf8e5730d9456bfee92') in 0.044545 seconds 
  Import took 0.047826 seconds .

========================================================================
Received Import Request.
  Time since last request: 0.000145 seconds.
  path: Assets/2DGamekit/Art/Sprites/Interactables/MovingPlatformEmissive.png
  artifactKey: Guid(9627dd62475cdf84ebf3e6fecbc8ed44) Importer(815301076,1909f56bfc062723c751e8b465ee728b)
Start importing Assets/2DGamekit/Art/Sprites/Interactables/MovingPlatformEmissive.png using Guid(9627dd62475cdf84ebf3e6fecbc8ed44) Importer(815301076,1909f56bfc062723c751e8b465ee728b)  -> (artifact id: '33550a957fd105d01a7f9b30afb90033') in 0.006811 seconds 
  Import took 0.010094 seconds .

========================================================================
Received Import Request.
  Time since last request: 0.000168 seconds.
  path: Assets/2DGamekit/Art/Sprites/Interactables/HubDoorNormal.png
  artifactKey: Guid(8e63da4eab735c64b8f4024bd75af929) Importer(815301076,1909f56bfc062723c751e8b465ee728b)
Start importing Assets/2DGamekit/Art/Sprites/Interactables/HubDoorNormal.png using Guid(8e63da4eab735c64b8f4024bd75af929) Importer(815301076,1909f56bfc062723c751e8b465ee728b)  -> (artifact id: '25b9be57c9a99dcdbc95e0355ab37b47') in 0.007460 seconds 
  Import took 0.010654 seconds .

========================================================================
Received Import Request.
  Time since last request: 0.000154 seconds.
  path: Assets/2DGamekit/Art/Sprites/Interactables/HubDoor3.png
  artifactKey: Guid(cc270f01373b30c4ab09a15c09c24245) Importer(815301076,1909f56bfc062723c751e8b465ee728b)
Start importing Assets/2DGamekit/Art/Sprites/Interactables/HubDoor3.png using Guid(cc270f01373b30c4ab09a15c09c24245) Importer(815301076,1909f56bfc062723c751e8b465ee728b)  -> (artifact id: 'c1c5fd31efaf73e69293e0f4e19704e8') in 0.009708 seconds 
  Import took 0.012955 seconds .

========================================================================
Received Import Request.
  Time since last request: 0.000155 seconds.
  path: Assets/2DGamekit/Art/Sprites/Interactables/PassThroughPlatform.png
  artifactKey: Guid(389dc290ab41ea34485314d037cc75df) Importer(815301076,1909f56bfc062723c751e8b465ee728b)
Start importing Assets/2DGamekit/Art/Sprites/Interactables/PassThroughPlatform.png using Guid(389dc290ab41ea34485314d037cc75df) Importer(815301076,1909f56bfc062723c751e8b465ee728b)  -> (artifact id: '07aa612893e5d38910c855d9a13182a9') in 0.016035 seconds 
  Import took 0.019388 seconds .

========================================================================
Received Import Request.
  Time since last request: 0.000180 seconds.
  path: Assets/2DGamekit/Art/Sprites/Interactables/StomperDoorOn02.png
  artifactKey: Guid(2b0290d95c25ba1449155175ce068f81) Importer(815301076,1909f56bfc062723c751e8b465ee728b)
Start importing Assets/2DGamekit/Art/Sprites/Interactables/StomperDoorOn02.png using Guid(2b0290d95c25ba1449155175ce068f81) Importer(815301076,1909f56bfc062723c751e8b465ee728b)  -> (artifact id: 'dc58ce5eed07154c64a41786839ebf4c') in 0.010731 seconds 
  Import took 0.014143 seconds .

========================================================================
Received Import Request.
  Time since last request: 0.000163 seconds.
  path: Assets/2DGamekit/Art/Sprites/Interactables/Door.png
  artifactKey: Guid(9f958017ae23bdb46a3f5d18cd3748a7) Importer(815301076,1909f56bfc062723c751e8b465ee728b)
Start importing Assets/2DGamekit/Art/Sprites/Interactables/Door.png using Guid(9f958017ae23bdb46a3f5d18cd3748a7) Importer(815301076,1909f56bfc062723c751e8b465ee728b)  -> (artifact id: 'c837611a7aa56ff6017323b2700ae08d') in 0.011165 seconds 
  Import took 0.014494 seconds .

========================================================================
Received Import Request.
  Time since last request: 0.000144 seconds.
  path: Assets/2DGamekit/Art/Sprites/Interactables/PassThroughPlatformAlienNormal.png
  artifactKey: Guid(1cc918d4638fd4049af994f0afdbba30) Importer(815301076,1909f56bfc062723c751e8b465ee728b)
Start importing Assets/2DGamekit/Art/Sprites/Interactables/PassThroughPlatformAlienNormal.png using Guid(1cc918d4638fd4049af994f0afdbba30) Importer(815301076,1909f56bfc062723c751e8b465ee728b)  -> (artifact id: 'db25f933960db1d575be9ed3201b187b') in 0.006847 seconds 
  Import took 0.009899 seconds .

========================================================================
Received Import Request.
  Time since last request: 152.336701 seconds.
  path: Assets/2DGamekit/Audio/Ellen/Locomotion/EllenFootstepLand.ogg
  artifactKey: Guid(ea217dc637f73b649a2866febb99c4a2) Importer(815301076,1909f56bfc062723c751e8b465ee728b)
Start importing Assets/2DGamekit/Audio/Ellen/Locomotion/EllenFootstepLand.ogg using Guid(ea217dc637f73b649a2866febb99c4a2) Importer(815301076,1909f56bfc062723c751e8b465ee728b)  -> (artifact id: 'a51038ff512a28b43c36ba077364bd08') in 0.024895 seconds 
  Import took 0.029180 seconds .

========================================================================
Received Import Request.
  Time since last request: 0.296058 seconds.
  path: Assets/2DGamekit/Audio/Interactables/MovingPlatformLoop.ogg
  artifactKey: Guid(eab9a0a14da60e849adb421b97581aa8) Importer(815301076,1909f56bfc062723c751e8b465ee728b)
Start importing Assets/2DGamekit/Audio/Interactables/MovingPlatformLoop.ogg using Guid(eab9a0a14da60e849adb421b97581aa8) Importer(815301076,1909f56bfc062723c751e8b465ee728b)  -> (artifact id: 'ef75f13e9244e97110ddeda2f881065d') in 0.006702 seconds 
  Import took 0.010515 seconds .

========================================================================
Received Import Request.
  Time since last request: 0.000162 seconds.
  path: Assets/2DGamekit/Audio/Enemies/Spitter/SpitterDieSplat.ogg
  artifactKey: Guid(a297ae3d7bfe76a4eae4f7deb210e01b) Importer(815301076,1909f56bfc062723c751e8b465ee728b)
Start importing Assets/2DGamekit/Audio/Enemies/Spitter/SpitterDieSplat.ogg using Guid(a297ae3d7bfe76a4eae4f7deb210e01b) Importer(815301076,1909f56bfc062723c751e8b465ee728b)  -> (artifact id: 'b76a8ad98da35441be4c1c0b393556fa') in 0.005864 seconds 
  Import took 0.009172 seconds .

========================================================================
Received Import Request.
  Time since last request: 412.075175 seconds.
  path: Assets/2DGamekit/Prefabs/UIPrefabs
  artifactKey: Guid(77c866576619f784e8ee9165ec160249) Importer(815301076,1909f56bfc062723c751e8b465ee728b)
Start importing Assets/2DGamekit/Prefabs/UIPrefabs using Guid(77c866576619f784e8ee9165ec160249) Importer(815301076,1909f56bfc062723c751e8b465ee728b)  -> (artifact id: '2a7f4641e8bc57cdd47de503e5253f0d') in 0.001478 seconds 
  Import took 0.004634 seconds .

========================================================================
Received Import Request.
  Time since last request: 336.702468 seconds.
  path: Assets/2DGamekit/Art/Sprites/UI/Menu/OptionsCloseButton.png
  artifactKey: Guid(d3c4e35f6af02a840a9461e0aee32e4a) Importer(815301076,1909f56bfc062723c751e8b465ee728b)
Start importing Assets/2DGamekit/Art/Sprites/UI/Menu/OptionsCloseButton.png using Guid(d3c4e35f6af02a840a9461e0aee32e4a) Importer(815301076,1909f56bfc062723c751e8b465ee728b)  -> (artifact id: '67857896834c563922009bf85765869c') in 0.033566 seconds 
  Import took 0.037455 seconds .

========================================================================
Received Import Request.
  Time since last request: 13.241081 seconds.
  path: Assets/2DGamekit/Scenes/Level 2.unity
  artifactKey: Guid(a94cb8f134bf81349ad016c79b629e3d) Importer(815301076,1909f56bfc062723c751e8b465ee728b)
Start importing Assets/2DGamekit/Scenes/Level 2.unity using Guid(a94cb8f134bf81349ad016c79b629e3d) Importer(815301076,1909f56bfc062723c751e8b465ee728b)  -> (artifact id: 'a7c839a8d3791d5775415d6ed8eab61b') in 0.001211 seconds 
  Import took 0.004462 seconds .

========================================================================
Received Prepare
Registering precompiled user dll's ...
Registered in 0.004091 seconds.
Begin MonoManager ReloadAssembly
Native extension for OSXStandalone target not found
Refreshing native plugins compatible for Editor in 0.61 ms, found 3 plugins.
Preloading 0 native plugins for Editor in 0.00 ms.
Mono: successfully reloaded assembly
- Completed reload, in  1.008 seconds
Domain Reload Profiling:
	ReloadAssembly (1008ms)
		BeginReloadAssembly (115ms)
			ExecutionOrderSort (0ms)
			DisableScriptedObjects (5ms)
			BackupInstance (0ms)
			ReleaseScriptingObjects (0ms)
			CreateAndSetChildDomain (64ms)
		EndReloadAssembly (839ms)
			LoadAssemblies (64ms)
			RebuildTransferFunctionScriptingTraits (0ms)
			SetupTypeCache (305ms)
			ReleaseScriptCaches (1ms)
			RebuildScriptCaches (46ms)
			SetupLoadedEditorAssemblies (290ms)
				LogAssemblyErrors (0ms)
				InitializePlatformSupportModulesInManaged (3ms)
				SetLoadedEditorAssemblies (0ms)
				RefreshPlugins (1ms)
				BeforeProcessingInitializeOnLoad (86ms)
				ProcessInitializeOnLoadAttributes (188ms)
				ProcessInitializeOnLoadMethodAttributes (10ms)
				AfterProcessingInitializeOnLoad (1ms)
				EditorAssembliesLoaded (0ms)
			ExecutionOrderSort2 (0ms)
			AwakeInstancesAfterBackupRestoration (14ms)
Platform modules already initialized, skipping
Refreshing native plugins compatible for Editor in 0.62 ms, found 3 plugins.
Preloading 0 native plugins for Editor in 0.00 ms.
Unloading 2615 Unused Serialized files (Serialized files now loaded: 0)
System memory in use before: 264.4 MB.
System memory in use after: 264.5 MB.

Unloading 24 unused Assets to reduce memory usage. Loaded Objects now: 3287.
Total: 2.720405 ms (FindLiveObjects: 0.174069 ms CreateObjectMapping: 0.093157 ms MarkObjects: 2.371117 ms  DeleteObjects: 0.081425 ms)

AssetImportParameters requested are different than current active one (requested -> active):
  custom:video-decoder-ogg-theora: a1e56fd34408186e4bbccfd4996cb3dc -> 
  custom:container-muxer-webm: aa71ff27fc2769a1b78a27578f13a17b -> 
  custom:container-demuxer-webm: 4f35f7cbe854078d1ac9338744f61a02 -> 
  custom:container-demuxer-ogg: 62fdf1f143b41e24485cea50d1cbac27 -> 
  custom:video-encoder-webm-vp8: eb34c28f22e8b96e1ab97ce403110664 -> 
  custom:framework-osx-AVFoundation: e770b220cccbd017edd2c1fefb359320 -> 
  custom:video-decoder-webm-vp8: 9c59270c3fd7afecdb556c50c9e8de78 -> 
  custom:audio-decoder-ogg-vorbis: bf7c407c2cedff20999df2af8eb42d56 -> 
  custom:audio-encoder-webm-vorbis: bf7c407c2cedff20999df2af8eb42d56 -> 
========================================================================
Received Prepare
Registering precompiled user dll's ...
Registered in 0.002080 seconds.
Begin MonoManager ReloadAssembly
Native extension for OSXStandalone target not found
Refreshing native plugins compatible for Editor in 0.60 ms, found 3 plugins.
Preloading 0 native plugins for Editor in 0.00 ms.
Mono: successfully reloaded assembly
- Completed reload, in  0.985 seconds
Domain Reload Profiling:
	ReloadAssembly (985ms)
		BeginReloadAssembly (108ms)
			ExecutionOrderSort (0ms)
			DisableScriptedObjects (5ms)
			BackupInstance (0ms)
			ReleaseScriptingObjects (0ms)
			CreateAndSetChildDomain (56ms)
		EndReloadAssembly (824ms)
			LoadAssemblies (64ms)
			RebuildTransferFunctionScriptingTraits (0ms)
			SetupTypeCache (299ms)
			ReleaseScriptCaches (1ms)
			RebuildScriptCaches (45ms)
			SetupLoadedEditorAssemblies (283ms)
				LogAssemblyErrors (0ms)
				InitializePlatformSupportModulesInManaged (3ms)
				SetLoadedEditorAssemblies (0ms)
				RefreshPlugins (1ms)
				BeforeProcessingInitializeOnLoad (86ms)
				ProcessInitializeOnLoadAttributes (181ms)
				ProcessInitializeOnLoadMethodAttributes (10ms)
				AfterProcessingInitializeOnLoad (1ms)
				EditorAssembliesLoaded (0ms)
			ExecutionOrderSort2 (0ms)
			AwakeInstancesAfterBackupRestoration (14ms)
Platform modules already initialized, skipping
Refreshing native plugins compatible for Editor in 0.61 ms, found 3 plugins.
Preloading 0 native plugins for Editor in 0.00 ms.
Unloading 2615 Unused Serialized files (Serialized files now loaded: 0)
System memory in use before: 264.6 MB.
System memory in use after: 264.7 MB.

Unloading 24 unused Assets to reduce memory usage. Loaded Objects now: 3300.
Total: 2.668601 ms (FindLiveObjects: 0.178313 ms CreateObjectMapping: 0.098610 ms MarkObjects: 2.304489 ms  DeleteObjects: 0.086665 ms)

AssetImportParameters requested are different than current active one (requested -> active):
  custom:video-decoder-ogg-theora: a1e56fd34408186e4bbccfd4996cb3dc -> 
  custom:container-muxer-webm: aa71ff27fc2769a1b78a27578f13a17b -> 
  custom:container-demuxer-webm: 4f35f7cbe854078d1ac9338744f61a02 -> 
  custom:container-demuxer-ogg: 62fdf1f143b41e24485cea50d1cbac27 -> 
  custom:video-encoder-webm-vp8: eb34c28f22e8b96e1ab97ce403110664 -> 
  custom:framework-osx-AVFoundation: e770b220cccbd017edd2c1fefb359320 -> 
  custom:video-decoder-webm-vp8: 9c59270c3fd7afecdb556c50c9e8de78 -> 
  custom:audio-decoder-ogg-vorbis: bf7c407c2cedff20999df2af8eb42d56 -> 
  custom:audio-encoder-webm-vorbis: bf7c407c2cedff20999df2af8eb42d56 -> 
========================================================================
Received Import Request.
  Time since last request: 776.439227 seconds.
  path: Assets/2DGamekit/Audio/Mixers/MasterAudioMixer.mixer
  artifactKey: Guid(74cb2eead3628fa47a369c51a45d99a1) Importer(815301076,1909f56bfc062723c751e8b465ee728b)
Start importing Assets/2DGamekit/Audio/Mixers/MasterAudioMixer.mixer using Guid(74cb2eead3628fa47a369c51a45d99a1) Importer(815301076,1909f56bfc062723c751e8b465ee728b)  -> (artifact id: '816854531803157e8fc9a647d9ba9184') in 0.239173 seconds 
  Import took 0.245200 seconds .

========================================================================
Received Import Request.
  Time since last request: 0.000164 seconds.
  path: Assets/2DGamekit/Art/Sprites/AnimatedSprites/Ellen/Animations/Idle/Anim_IDLE_00015.png
  artifactKey: Guid(dcc9002875a3a244eacb72418d292f8e) Importer(815301076,1909f56bfc062723c751e8b465ee728b)
Start importing Assets/2DGamekit/Art/Sprites/AnimatedSprites/Ellen/Animations/Idle/Anim_IDLE_00015.png using Guid(dcc9002875a3a244eacb72418d292f8e) Importer(815301076,1909f56bfc062723c751e8b465ee728b)  -> (artifact id: 'b35d806d75e0ec9464888d3d02076b84') in 0.039994 seconds 
  Import took 0.043395 seconds .

========================================================================
Received Import Request.
  Time since last request: 0.000151 seconds.
  path: Assets/2DGamekit/Art/Sprites/AnimatedSprites/Ellen/Animations/Idle/Anim_IDLE_00025.png
  artifactKey: Guid(d2d936bae69c599429ee1a386892a9f0) Importer(815301076,1909f56bfc062723c751e8b465ee728b)
Start importing Assets/2DGamekit/Art/Sprites/AnimatedSprites/Ellen/Animations/Idle/Anim_IDLE_00025.png using Guid(d2d936bae69c599429ee1a386892a9f0) Importer(815301076,1909f56bfc062723c751e8b465ee728b)  -> (artifact id: '73c0e78d5672bc1cb1c3a8fa64e91f6b') in 0.008578 seconds 
  Import took 0.011771 seconds .

========================================================================
Received Import Request.
  Time since last request: 0.000156 seconds.
  path: Assets/2DGamekit/Art/Sprites/AnimatedSprites/Ellen/Animations/Idle/Anim_IDLE_00017.png
  artifactKey: Guid(64afd51ca9828034f8c64a261e4b99b9) Importer(815301076,1909f56bfc062723c751e8b465ee728b)
Start importing Assets/2DGamekit/Art/Sprites/AnimatedSprites/Ellen/Animations/Idle/Anim_IDLE_00017.png using Guid(64afd51ca9828034f8c64a261e4b99b9) Importer(815301076,1909f56bfc062723c751e8b465ee728b)  -> (artifact id: '740b5df433400aa9b4eca2a23994f3aa') in 0.008721 seconds 
  Import took 0.011907 seconds .

========================================================================
Received Import Request.
  Time since last request: 0.000201 seconds.
  path: Assets/2DGamekit/Art/Sprites/AnimatedSprites/Ellen/Animations/Idle/Anim_IDLE_00019.png
  artifactKey: Guid(76089009971280441963c2a3a55b5071) Importer(815301076,1909f56bfc062723c751e8b465ee728b)
Start importing Assets/2DGamekit/Art/Sprites/AnimatedSprites/Ellen/Animations/Idle/Anim_IDLE_00019.png using Guid(76089009971280441963c2a3a55b5071) Importer(815301076,1909f56bfc062723c751e8b465ee728b)  -> (artifact id: '9fb6170273447fa1eb025fcefe889283') in 0.008531 seconds 
  Import took 0.011842 seconds .

========================================================================
Received Import Request.
  Time since last request: 0.000171 seconds.
  path: Assets/2DGamekit/Art/Sprites/AnimatedSprites/Ellen/Animations/Idle/Anim_IDLE_00023.png
  artifactKey: Guid(591e3ea0fd60a1442bfbe969a16d4d74) Importer(815301076,1909f56bfc062723c751e8b465ee728b)
Start importing Assets/2DGamekit/Art/Sprites/AnimatedSprites/Ellen/Animations/Idle/Anim_IDLE_00023.png using Guid(591e3ea0fd60a1442bfbe969a16d4d74) Importer(815301076,1909f56bfc062723c751e8b465ee728b)  -> (artifact id: '15908a323c5c9d0a39de9d9589098ca2') in 0.009032 seconds 
  Import took 0.012260 seconds .

========================================================================
Received Import Request.
  Time since last request: 0.000150 seconds.
  path: Assets/2DGamekit/Art/Sprites/AnimatedSprites/Ellen/Animations/Idle/Anim_IDLE_00021.png
  artifactKey: Guid(cd65a99c817869946969cd216cab2115) Importer(815301076,1909f56bfc062723c751e8b465ee728b)
Start importing Assets/2DGamekit/Art/Sprites/AnimatedSprites/Ellen/Animations/Idle/Anim_IDLE_00021.png using Guid(cd65a99c817869946969cd216cab2115) Importer(815301076,1909f56bfc062723c751e8b465ee728b)  -> (artifact id: '7f6383ef40c8778bf0e884d51d92a20f') in 0.008551 seconds 
  Import took 0.011939 seconds .

========================================================================
Received Import Request.
  Time since last request: 0.000154 seconds.
  path: Assets/2DGamekit/Art/Sprites/AnimatedSprites/Ellen/Animations/Idle/Anim_IDLE_00013.png
  artifactKey: Guid(60a2cfad92429cc4b9d2f6ce7148c37a) Importer(815301076,1909f56bfc062723c751e8b465ee728b)
Start importing Assets/2DGamekit/Art/Sprites/AnimatedSprites/Ellen/Animations/Idle/Anim_IDLE_00013.png using Guid(60a2cfad92429cc4b9d2f6ce7148c37a) Importer(815301076,1909f56bfc062723c751e8b465ee728b)  -> (artifact id: 'bf925343ab4b314f4d04e687ded48d04') in 0.009376 seconds 
  Import took 0.012688 seconds .

========================================================================
Received Import Request.
  Time since last request: 0.000162 seconds.
  path: Assets/2DGamekit/Art/Sprites/AnimatedSprites/Ellen/Animations/Idle/Anim_IDLE_00011.png
  artifactKey: Guid(c6b584771aee7a148bcf2885a6f347ba) Importer(815301076,1909f56bfc062723c751e8b465ee728b)
Start importing Assets/2DGamekit/Art/Sprites/AnimatedSprites/Ellen/Animations/Idle/Anim_IDLE_00011.png using Guid(c6b584771aee7a148bcf2885a6f347ba) Importer(815301076,1909f56bfc062723c751e8b465ee728b)  -> (artifact id: '4f6fd0ad045b74cecd10b80c0fe2aaba') in 0.009122 seconds 
  Import took 0.012300 seconds .

========================================================================
Received Import Request.
  Time since last request: 0.000149 seconds.
  path: Assets/2DGamekit/Art/Sprites/AnimatedSprites/Ellen/Animations/Idle/Anim_IDLE_00027.png
  artifactKey: Guid(f3b094a028c28604382b41bfab29604a) Importer(815301076,1909f56bfc062723c751e8b465ee728b)
Start importing Assets/2DGamekit/Art/Sprites/AnimatedSprites/Ellen/Animations/Idle/Anim_IDLE_00027.png using Guid(f3b094a028c28604382b41bfab29604a) Importer(815301076,1909f56bfc062723c751e8b465ee728b)  -> (artifact id: '6162716846ba4833f62cda9f6f8b4f00') in 0.008962 seconds 
  Import took 0.012132 seconds .

========================================================================
Received Import Request.
  Time since last request: 0.452780 seconds.
  path: Assets/2DGamekit/Art/Sprites/UI/HUD/BossShield.png
  artifactKey: Guid(d9c54273056f7d943920c5257c20b75f) Importer(815301076,1909f56bfc062723c751e8b465ee728b)
Start importing Assets/2DGamekit/Art/Sprites/UI/HUD/BossShield.png using Guid(d9c54273056f7d943920c5257c20b75f) Importer(815301076,1909f56bfc062723c751e8b465ee728b)  -> (artifact id: '4dc3760f2f8554fdff95afbf82296555') in 0.034022 seconds 
  Import took 0.038700 seconds .

========================================================================
Received Import Request.
  Time since last request: 0.000223 seconds.
  path: Assets/2DGamekit/Art/Sprites/AnimatedSprites/Ellen/Animations/CrouchWithGun/Ellen_CrouchWithGun00.png
  artifactKey: Guid(a4d1991ea98b3684c99f8728d28ec652) Importer(815301076,1909f56bfc062723c751e8b465ee728b)
Start importing Assets/2DGamekit/Art/Sprites/AnimatedSprites/Ellen/Animations/CrouchWithGun/Ellen_CrouchWithGun00.png using Guid(a4d1991ea98b3684c99f8728d28ec652) Importer(815301076,1909f56bfc062723c751e8b465ee728b)  -> (artifact id: '8db396dad699cece47a4846b786ce07d') in 0.015706 seconds 
  Import took 0.021889 seconds .

========================================================================
Received Import Request.
  Time since last request: 0.000479 seconds.
  path: Assets/2DGamekit/Art/Sprites/AnimatedSprites/Ellen/Animations/CrouchWithGun/Ellen_CrouchWithGun03.png
  artifactKey: Guid(261da5cf99e3c864e9079de55f67a437) Importer(815301076,1909f56bfc062723c751e8b465ee728b)
Start importing Assets/2DGamekit/Art/Sprites/AnimatedSprites/Ellen/Animations/CrouchWithGun/Ellen_CrouchWithGun03.png using Guid(261da5cf99e3c864e9079de55f67a437) Importer(815301076,1909f56bfc062723c751e8b465ee728b)  -> (artifact id: '72f412b5ebab0618d4dc5a303ca5f32b') in 0.013494 seconds 
  Import took 0.019030 seconds .

========================================================================
Received Import Request.
  Time since last request: 0.000268 seconds.
  path: Assets/2DGamekit/Art/Sprites/AnimatedSprites/Ellen/Animations/CrouchWithGun/Ellen_CrouchWithGun02.png
  artifactKey: Guid(e679c4902023e7a48b2cf79741a51fda) Importer(815301076,1909f56bfc062723c751e8b465ee728b)
Start importing Assets/2DGamekit/Art/Sprites/AnimatedSprites/Ellen/Animations/CrouchWithGun/Ellen_CrouchWithGun02.png using Guid(e679c4902023e7a48b2cf79741a51fda) Importer(815301076,1909f56bfc062723c751e8b465ee728b)  -> (artifact id: '2d07ae291881ba306fdc76c0b3a70abe') in 0.012561 seconds 
  Import took 0.017422 seconds .

========================================================================
Received Import Request.
  Time since last request: 0.000198 seconds.
  path: Assets/2DGamekit/Art/Sprites/AnimatedSprites/Ellen/Animations/CrouchWithGun/Ellen_CrouchWithGun04.png
  artifactKey: Guid(e62f4ca9760884b4cb9ff0c3025838db) Importer(815301076,1909f56bfc062723c751e8b465ee728b)
Start importing Assets/2DGamekit/Art/Sprites/AnimatedSprites/Ellen/Animations/CrouchWithGun/Ellen_CrouchWithGun04.png using Guid(e62f4ca9760884b4cb9ff0c3025838db) Importer(815301076,1909f56bfc062723c751e8b465ee728b)  -> (artifact id: '6ce8c03efd69ec63c0e0f4a80464c853') in 0.010264 seconds 
  Import took 0.013847 seconds .

========================================================================
Received Import Request.
  Time since last request: 0.000146 seconds.
  path: Assets/2DGamekit/Art/Sprites/AnimatedSprites/Ellen/Animations/CrouchWithGun/Ellen_CrouchWithGun01.png
  artifactKey: Guid(fe80dd64b9b2e1647b367fe8da273bf7) Importer(815301076,1909f56bfc062723c751e8b465ee728b)
Start importing Assets/2DGamekit/Art/Sprites/AnimatedSprites/Ellen/Animations/CrouchWithGun/Ellen_CrouchWithGun01.png using Guid(fe80dd64b9b2e1647b367fe8da273bf7) Importer(815301076,1909f56bfc062723c751e8b465ee728b)  -> (artifact id: '33d29d1d54aefe28286f1376594e4e9b') in 0.009897 seconds 
  Import took 0.013104 seconds .

========================================================================
Received Import Request.
  Time since last request: 68.662372 seconds.
  path: Assets/2DGamekit/Art/Sprites/Environment/ParallaxCaves/CavesBG01.png
  artifactKey: Guid(3bc4a6783b6a2c341bc23a7280ac7289) Importer(815301076,1909f56bfc062723c751e8b465ee728b)
Start importing Assets/2DGamekit/Art/Sprites/Environment/ParallaxCaves/CavesBG01.png using Guid(3bc4a6783b6a2c341bc23a7280ac7289) Importer(815301076,1909f56bfc062723c751e8b465ee728b)  -> (artifact id: '0834c0411770db836f6f7d69cdd8a048') in 0.022757 seconds 
  Import took 0.026605 seconds .

========================================================================
Received Import Request.
  Time since last request: 0.000146 seconds.
  path: Assets/2DGamekit/Art/Animations/Animators/UI/Menu/GameOverCanvas.overrideController
  artifactKey: Guid(0d805657d55fb684996d65c4f03f68fa) Importer(815301076,1909f56bfc062723c751e8b465ee728b)
Start importing Assets/2DGamekit/Art/Animations/Animators/UI/Menu/GameOverCanvas.overrideController using Guid(0d805657d55fb684996d65c4f03f68fa) Importer(815301076,1909f56bfc062723c751e8b465ee728b)  -> (artifact id: '5b81d3380a7af4ff9ad22e9b1936bbd5') in 0.124042 seconds 
  Import took 0.128998 seconds .

========================================================================
Received Import Request.
  Time since last request: 0.000434 seconds.
  path: Assets/2DGamekit/Art/Sprites/Environment/ParallaxCaves/CavesFG01.png
  artifactKey: Guid(a62753b01e9a12149816790ea837457a) Importer(815301076,1909f56bfc062723c751e8b465ee728b)
Start importing Assets/2DGamekit/Art/Sprites/Environment/ParallaxCaves/CavesFG01.png using Guid(a62753b01e9a12149816790ea837457a) Importer(815301076,1909f56bfc062723c751e8b465ee728b)  -> (artifact id: '03dc894be0877efe02c3b36464da054f') in 0.010789 seconds 
  Import took 0.014213 seconds .

========================================================================
Received Import Request.
  Time since last request: 0.000202 seconds.
  path: Assets/2DGamekit/Art/Sprites/Environment/ParallaxCaves/CavesMG01.png
  artifactKey: Guid(b76aa331eaf5bcb428b58fabf8e5008a) Importer(815301076,1909f56bfc062723c751e8b465ee728b)
Start importing Assets/2DGamekit/Art/Sprites/Environment/ParallaxCaves/CavesMG01.png using Guid(b76aa331eaf5bcb428b58fabf8e5008a) Importer(815301076,1909f56bfc062723c751e8b465ee728b)  -> (artifact id: 'b6652d30720f20c5329919518bb8701d') in 0.010127 seconds 
  Import took 0.013386 seconds .

========================================================================
Received Import Request.
  Time since last request: 0.000164 seconds.
  path: Assets/2DGamekit/Art/Sprites/Environment/ParallaxCaves/CavesMG03.png
  artifactKey: Guid(d8d5b15cbb3f5a941bbd5539b5e49be2) Importer(815301076,1909f56bfc062723c751e8b465ee728b)
Start importing Assets/2DGamekit/Art/Sprites/Environment/ParallaxCaves/CavesMG03.png using Guid(d8d5b15cbb3f5a941bbd5539b5e49be2) Importer(815301076,1909f56bfc062723c751e8b465ee728b)  -> (artifact id: 'e4dc63f8a7e32f3290613f7504962bec') in 0.009923 seconds 
  Import took 0.013116 seconds .

========================================================================
Received Import Request.
  Time since last request: 0.000153 seconds.
  path: Assets/2DGamekit/Art/Sprites/Environment/ParallaxCaves/CavesFG02.png
  artifactKey: Guid(ffd4bbd5542733e43896c59f7b369543) Importer(815301076,1909f56bfc062723c751e8b465ee728b)
Start importing Assets/2DGamekit/Art/Sprites/Environment/ParallaxCaves/CavesFG02.png using Guid(ffd4bbd5542733e43896c59f7b369543) Importer(815301076,1909f56bfc062723c751e8b465ee728b)  -> (artifact id: '1ca36f71320706b46abc7cbc6da9d682') in 0.010078 seconds 
  Import took 0.013512 seconds .

========================================================================
Received Import Request.
  Time since last request: 0.000159 seconds.
  path: Assets/2DGamekit/Art/Sprites/Environment/ParallaxCaves/CavesMG04.png
  artifactKey: Guid(1056549ac5cc50c46b0083822c8cadcf) Importer(815301076,1909f56bfc062723c751e8b465ee728b)
Start importing Assets/2DGamekit/Art/Sprites/Environment/ParallaxCaves/CavesMG04.png using Guid(1056549ac5cc50c46b0083822c8cadcf) Importer(815301076,1909f56bfc062723c751e8b465ee728b)  -> (artifact id: 'e74d9ed6e01238f78d41de04ad345b90') in 0.010506 seconds 
  Import took 0.013742 seconds .

========================================================================
Received Import Request.
  Time since last request: 0.000164 seconds.
  path: Assets/2DGamekit/Art/Sprites/Environment/ParallaxCaves/CavesMG02.png
  artifactKey: Guid(403cfbf9c6b20bb4dbfca621f0b8a31c) Importer(815301076,1909f56bfc062723c751e8b465ee728b)
Start importing Assets/2DGamekit/Art/Sprites/Environment/ParallaxCaves/CavesMG02.png using Guid(403cfbf9c6b20bb4dbfca621f0b8a31c) Importer(815301076,1909f56bfc062723c751e8b465ee728b)  -> (artifact id: 'efe9d669171f9508c7d8c05f22cb490c') in 0.011561 seconds 
  Import took 0.014974 seconds .

========================================================================
Received Import Request.
  Time since last request: 0.000156 seconds.
  path: Assets/2DGamekit/Art/Sprites/Environment/ParallaxCaves/CavesFG03.png
  artifactKey: Guid(c8e56c3853fc6234ca23bd3f61af4681) Importer(815301076,1909f56bfc062723c751e8b465ee728b)
Start importing Assets/2DGamekit/Art/Sprites/Environment/ParallaxCaves/CavesFG03.png using Guid(c8e56c3853fc6234ca23bd3f61af4681) Importer(815301076,1909f56bfc062723c751e8b465ee728b)  -> (artifact id: '3e3ac736e98ad5d9c9fa3015ade7f466') in 0.010326 seconds 
  Import took 0.013661 seconds .

========================================================================
Received Import Request.
  Time since last request: 0.000170 seconds.
  path: Assets/2DGamekit/Art/Sprites/Environment/ParallaxCaves/CavesBG02.png
  artifactKey: Guid(4b5666aaf8525fd41b81d7746d12fb32) Importer(815301076,1909f56bfc062723c751e8b465ee728b)
Start importing Assets/2DGamekit/Art/Sprites/Environment/ParallaxCaves/CavesBG02.png using Guid(4b5666aaf8525fd41b81d7746d12fb32) Importer(815301076,1909f56bfc062723c751e8b465ee728b)  -> (artifact id: 'a8e8bb63962a145773bd608be51ec6ae') in 0.010031 seconds 
  Import took 0.013284 seconds .

========================================================================
Received Prepare
Registering precompiled user dll's ...
Registered in 0.003005 seconds.
Begin MonoManager ReloadAssembly
Native extension for OSXStandalone target not found
Refreshing native plugins compatible for Editor in 0.61 ms, found 3 plugins.
Preloading 0 native plugins for Editor in 0.00 ms.
Mono: successfully reloaded assembly
- Completed reload, in  0.985 seconds
Domain Reload Profiling:
	ReloadAssembly (985ms)
		BeginReloadAssembly (110ms)
			ExecutionOrderSort (0ms)
			DisableScriptedObjects (5ms)
			BackupInstance (0ms)
			ReleaseScriptingObjects (0ms)
			CreateAndSetChildDomain (57ms)
		EndReloadAssembly (821ms)
			LoadAssemblies (63ms)
			RebuildTransferFunctionScriptingTraits (0ms)
			SetupTypeCache (298ms)
			ReleaseScriptCaches (1ms)
			RebuildScriptCaches (48ms)
			SetupLoadedEditorAssemblies (282ms)
				LogAssemblyErrors (0ms)
				InitializePlatformSupportModulesInManaged (4ms)
				SetLoadedEditorAssemblies (0ms)
				RefreshPlugins (1ms)
				BeforeProcessingInitializeOnLoad (86ms)
				ProcessInitializeOnLoadAttributes (181ms)
				ProcessInitializeOnLoadMethodAttributes (9ms)
				AfterProcessingInitializeOnLoad (1ms)
				EditorAssembliesLoaded (0ms)
			ExecutionOrderSort2 (0ms)
			AwakeInstancesAfterBackupRestoration (14ms)
Platform modules already initialized, skipping
Refreshing native plugins compatible for Editor in 0.61 ms, found 3 plugins.
Preloading 0 native plugins for Editor in 0.00 ms.
Unloading 2615 Unused Serialized files (Serialized files now loaded: 0)
System memory in use before: 273.3 MB.
System memory in use after: 273.4 MB.

Unloading 24 unused Assets to reduce memory usage. Loaded Objects now: 3332.
Total: 2.620617 ms (FindLiveObjects: 0.178777 ms CreateObjectMapping: 0.092640 ms MarkObjects: 2.266212 ms  DeleteObjects: 0.082433 ms)

AssetImportParameters requested are different than current active one (requested -> active):
  custom:video-decoder-ogg-theora: a1e56fd34408186e4bbccfd4996cb3dc -> 
  custom:container-muxer-webm: aa71ff27fc2769a1b78a27578f13a17b -> 
  custom:container-demuxer-webm: 4f35f7cbe854078d1ac9338744f61a02 -> 
  custom:container-demuxer-ogg: 62fdf1f143b41e24485cea50d1cbac27 -> 
  custom:video-encoder-webm-vp8: eb34c28f22e8b96e1ab97ce403110664 -> 
  custom:framework-osx-AVFoundation: e770b220cccbd017edd2c1fefb359320 -> 
  custom:video-decoder-webm-vp8: 9c59270c3fd7afecdb556c50c9e8de78 -> 
  custom:audio-decoder-ogg-vorbis: bf7c407c2cedff20999df2af8eb42d56 -> 
  custom:audio-encoder-webm-vorbis: bf7c407c2cedff20999df2af8eb42d56 -> 
AssetImportWorkerClient::OnTransportError - code=2 error=End of file
